2025-03-28 17:33:51.518208 - Received CBT.V508.FILE012.PDS from FILE012.XMI 
2025-03-28 17:33:51.520939 - Found $$$#DATE.txt (text/plain) in CBT.V508.FILE012.PDS, moved to PDS/$$$#DATE
2025-03-28 17:33:51.522261 - Found $DOC.txt (text/plain) in CBT.V508.FILE012.PDS, moved to PDS/$DOC
2025-03-28 17:33:51.523557 - Found $INSTALL.jcl (text/plain) in CBT.V508.FILE012.PDS, moved to PDS/$INSTALL
2025-03-28 17:33:51.525012 - Found $LOAD.jcl (text/plain) in CBT.V508.FILE012.PDS, moved to PDS/$LOAD
2025-03-28 17:33:51.526453 - Found @FILE012.txt (text/plain) in CBT.V508.FILE012.PDS, moved to PDS/@FILE012
2025-03-28 17:33:51.527645 - Found ENTER.txt (text/plain) in CBT.V508.FILE012.PDS, moved to PDS/ENTER
2025-03-28 17:33:51.528927 - Found ISPCALL.txt (text/plain) in CBT.V508.FILE012.PDS, moved to PDS/ISPCALL
2025-03-28 17:33:51.530089 - Found ISR@PRIM.txt (text/plain) in CBT.V508.FILE012.PDS, moved to PDS/ISR@PRIM
2025-03-28 17:33:51.531172 - Found ISRALTK.txt (text/plain) in CBT.V508.FILE012.PDS, moved to PDS/ISRALTK
2025-03-28 17:33:51.532631 - Found ISRUOLJH.txt (text/plain) in CBT.V508.FILE012.PDS, moved to PDS/ISRUOLJH
2025-03-28 17:33:51.533741 - Found JH#EDTMP.txt (text/plain) in CBT.V508.FILE012.PDS, moved to PDS/JH#EDTMP
2025-03-28 17:33:51.535015 - Found JH#GTDSN.txt (text/plain) in CBT.V508.FILE012.PDS, moved to PDS/JH#GTDSN
2025-03-28 17:33:51.536613 - Found JH#PDF8.txt (text/plain) in CBT.V508.FILE012.PDS, moved to PDS/JH#PDF8
2025-03-28 17:33:51.537502 - Found JH#TEDPR.txt (text/plain) in CBT.V508.FILE012.PDS, moved to PDS/JH#TEDPR
2025-03-28 17:33:51.540703 - Found JH#TEDRT.txt (text/plain) in CBT.V508.FILE012.PDS, moved to PDS/JH#TEDRT
2025-03-28 17:33:51.542721 - Found JH#TPRGM.txt (text/plain) in CBT.V508.FILE012.PDS, moved to PDS/JH#TPRGM
2025-03-28 17:33:51.544687 - Found JH#YCTBL.txt (text/plain) in CBT.V508.FILE012.PDS, moved to PDS/JH#YCTBL
2025-03-28 17:33:51.546160 - Found JH#YDTBL.txt (text/plain) in CBT.V508.FILE012.PDS, moved to PDS/JH#YDTBL
2025-03-28 17:33:51.547009 - Found JH#YPUP.txt (text/plain) in CBT.V508.FILE012.PDS, moved to PDS/JH#YPUP
2025-03-28 17:33:51.547905 - Found JH#YPUPG.txt (text/plain) in CBT.V508.FILE012.PDS, moved to PDS/JH#YPUPG
2025-03-28 17:33:51.549527 - Found JHA@M00.txt (text/plain) in CBT.V508.FILE012.PDS, moved to PDS/JHA@M00
2025-03-28 17:33:51.551589 - Found JHA@M01.txt (text/plain) in CBT.V508.FILE012.PDS, moved to PDS/JHA@M01
2025-03-28 17:33:51.553082 - Found JHA@M02.txt (text/plain) in CBT.V508.FILE012.PDS, moved to PDS/JHA@M02
2025-03-28 17:33:51.553861 - Found JHA@M03.txt (text/plain) in CBT.V508.FILE012.PDS, moved to PDS/JHA@M03
2025-03-28 17:33:51.555191 - Found JHA@M04.txt (text/plain) in CBT.V508.FILE012.PDS, moved to PDS/JHA@M04
2025-03-28 17:33:51.556657 - Found JHABH@0.txt (text/plain) in CBT.V508.FILE012.PDS, moved to PDS/JHABH@0
2025-03-28 17:33:51.557776 - Found JHABH@1.txt (text/plain) in CBT.V508.FILE012.PDS, moved to PDS/JHABH@1
2025-03-28 17:33:51.559134 - Found JHABH@2.txt (text/plain) in CBT.V508.FILE012.PDS, moved to PDS/JHABH@2
2025-03-28 17:33:51.559841 - Found JHABH@3.txt (text/plain) in CBT.V508.FILE012.PDS, moved to PDS/JHABH@3
2025-03-28 17:33:51.560512 - Found JHABH01.txt (text/plain) in CBT.V508.FILE012.PDS, moved to PDS/JHABH01
2025-03-28 17:33:51.561227 - Found JHABH02.txt (text/plain) in CBT.V508.FILE012.PDS, moved to PDS/JHABH02
2025-03-28 17:33:51.562673 - Found JHABH03.txt (text/plain) in CBT.V508.FILE012.PDS, moved to PDS/JHABH03
2025-03-28 17:33:51.563700 - Found JHABH03A.txt (text/plain) in CBT.V508.FILE012.PDS, moved to PDS/JHABH03A
2025-03-28 17:33:51.565637 - Found JHABH03B.txt (text/plain) in CBT.V508.FILE012.PDS, moved to PDS/JHABH03B
2025-03-28 17:33:51.566435 - Found JHABH05.txt (text/plain) in CBT.V508.FILE012.PDS, moved to PDS/JHABH05
2025-03-28 17:33:51.567105 - Found JHABH07.txt (text/plain) in CBT.V508.FILE012.PDS, moved to PDS/JHABH07
2025-03-28 17:33:51.567686 - Found JHABH07A.txt (text/plain) in CBT.V508.FILE012.PDS, moved to PDS/JHABH07A
2025-03-28 17:33:51.568757 - Found JHABH09.txt (text/plain) in CBT.V508.FILE012.PDS, moved to PDS/JHABH09
2025-03-28 17:33:51.570030 - Found JHABH09A.txt (text/plain) in CBT.V508.FILE012.PDS, moved to PDS/JHABH09A
2025-03-28 17:33:51.571345 - Found JHABH10.txt (text/plain) in CBT.V508.FILE012.PDS, moved to PDS/JHABH10
2025-03-28 17:33:51.572400 - Found JHABM00.txt (text/plain) in CBT.V508.FILE012.PDS, moved to PDS/JHABM00
2025-03-28 17:33:51.573609 - Found JHABM01.txt (text/plain) in CBT.V508.FILE012.PDS, moved to PDS/JHABM01
2025-03-28 17:33:51.574393 - Found JHABM02.txt (text/plain) in CBT.V508.FILE012.PDS, moved to PDS/JHABM02
2025-03-28 17:33:51.575189 - Found JHABM03.txt (text/plain) in CBT.V508.FILE012.PDS, moved to PDS/JHABM03
2025-03-28 17:33:51.575699 - Found JHABM05.txt (text/plain) in CBT.V508.FILE012.PDS, moved to PDS/JHABM05
2025-03-28 17:33:51.576658 - Found JHABM07.txt (text/plain) in CBT.V508.FILE012.PDS, moved to PDS/JHABM07
2025-03-28 17:33:51.577925 - Found JHABM09.txt (text/plain) in CBT.V508.FILE012.PDS, moved to PDS/JHABM09
2025-03-28 17:33:51.579200 - Found JHABM10.txt (text/plain) in CBT.V508.FILE012.PDS, moved to PDS/JHABM10
2025-03-28 17:33:51.580423 - Found JHABM14.txt (text/plain) in CBT.V508.FILE012.PDS, moved to PDS/JHABM14
2025-03-28 17:33:51.581480 - Found JHABM18.txt (text/plain) in CBT.V508.FILE012.PDS, moved to PDS/JHABM18
2025-03-28 17:33:51.582288 - Found JHABM19.txt (text/plain) in CBT.V508.FILE012.PDS, moved to PDS/JHABM19
2025-03-28 17:33:51.582953 - Found JHABP@A.txt (text/plain) in CBT.V508.FILE012.PDS, moved to PDS/JHABP@A
2025-03-28 17:33:51.583785 - Found JHABP@B.txt (text/plain) in CBT.V508.FILE012.PDS, moved to PDS/JHABP@B
2025-03-28 17:33:51.584706 - Found JHABP0A.txt (text/plain) in CBT.V508.FILE012.PDS, moved to PDS/JHABP0A
2025-03-28 17:33:51.586283 - Found JHABP0G.txt (text/plain) in CBT.V508.FILE012.PDS, moved to PDS/JHABP0G
2025-03-28 17:33:51.587098 - Found JHABP0Z.txt (text/plain) in CBT.V508.FILE012.PDS, moved to PDS/JHABP0Z
2025-03-28 17:33:51.588024 - Found JHABP01.txt (text/plain) in CBT.V508.FILE012.PDS, moved to PDS/JHABP01
2025-03-28 17:33:51.588862 - Found JHABP02.txt (text/plain) in CBT.V508.FILE012.PDS, moved to PDS/JHABP02
2025-03-28 17:33:51.589352 - Found JHABP03.txt (text/plain) in CBT.V508.FILE012.PDS, moved to PDS/JHABP03
2025-03-28 17:33:51.590566 - Found JHABP05.txt (text/plain) in CBT.V508.FILE012.PDS, moved to PDS/JHABP05
2025-03-28 17:33:51.591631 - Found JHABP07.txt (text/plain) in CBT.V508.FILE012.PDS, moved to PDS/JHABP07
2025-03-28 17:33:51.592885 - Found JHABP09.txt (text/plain) in CBT.V508.FILE012.PDS, moved to PDS/JHABP09
2025-03-28 17:33:51.594146 - Found JHABP10.txt (text/plain) in CBT.V508.FILE012.PDS, moved to PDS/JHABP10
2025-03-28 17:33:51.594810 - Found JHABP14.txt (text/plain) in CBT.V508.FILE012.PDS, moved to PDS/JHABP14
2025-03-28 17:33:51.595492 - Found JHABP18.txt (text/plain) in CBT.V508.FILE012.PDS, moved to PDS/JHABP18
2025-03-28 17:33:51.596416 - Found JHABP19.txt (text/plain) in CBT.V508.FILE012.PDS, moved to PDS/JHABP19
2025-03-28 17:33:51.597014 - Found JHABP19V.txt (text/plain) in CBT.V508.FILE012.PDS, moved to PDS/JHABP19V
2025-03-28 17:33:51.598856 - Found JHABROB.txt (text/plain) in CBT.V508.FILE012.PDS, moved to PDS/JHABROB
2025-03-28 17:33:51.599846 - Found JHABS@C.txt (text/plain) in CBT.V508.FILE012.PDS, moved to PDS/JHABS@C
2025-03-28 17:33:51.601175 - Found JHABS@I.txt (text/plain) in CBT.V508.FILE012.PDS, moved to PDS/JHABS@I
2025-03-28 17:33:51.602417 - Found JHABS0A.txt (text/plain) in CBT.V508.FILE012.PDS, moved to PDS/JHABS0A
2025-03-28 17:33:51.603225 - Found JHABS0G.txt (text/plain) in CBT.V508.FILE012.PDS, moved to PDS/JHABS0G
2025-03-28 17:33:51.603955 - Found JHABS0Z.txt (text/plain) in CBT.V508.FILE012.PDS, moved to PDS/JHABS0Z
2025-03-28 17:33:51.605221 - Found JHABS01.txt (text/plain) in CBT.V508.FILE012.PDS, moved to PDS/JHABS01
2025-03-28 17:33:51.606245 - Found JHABS02.txt (text/plain) in CBT.V508.FILE012.PDS, moved to PDS/JHABS02
2025-03-28 17:33:51.607555 - Found JHABS03.txt (text/plain) in CBT.V508.FILE012.PDS, moved to PDS/JHABS03
2025-03-28 17:33:51.608092 - Found JHABS05.txt (text/plain) in CBT.V508.FILE012.PDS, moved to PDS/JHABS05
2025-03-28 17:33:51.608884 - Found JHABS07.txt (text/plain) in CBT.V508.FILE012.PDS, moved to PDS/JHABS07
2025-03-28 17:33:51.609447 - Found JHABS09.txt (text/plain) in CBT.V508.FILE012.PDS, moved to PDS/JHABS09
2025-03-28 17:33:51.609969 - Found JHABS10.txt (text/plain) in CBT.V508.FILE012.PDS, moved to PDS/JHABS10
2025-03-28 17:33:51.611111 - Found JHABS14.txt (text/plain) in CBT.V508.FILE012.PDS, moved to PDS/JHABS14
2025-03-28 17:33:51.611767 - Found JHABS18.txt (text/plain) in CBT.V508.FILE012.PDS, moved to PDS/JHABS18
2025-03-28 17:33:51.613402 - Found JHABS19.txt (text/plain) in CBT.V508.FILE012.PDS, moved to PDS/JHABS19
2025-03-28 17:33:51.614676 - Found JHAEFR01.txt (text/plain) in CBT.V508.FILE012.PDS, moved to PDS/JHAEFR01
2025-03-28 17:33:51.615862 - Found JHAYM11.txt (text/plain) in CBT.V508.FILE012.PDS, moved to PDS/JHAYM11
2025-03-28 17:33:51.616526 - Found JHAYM12.txt (text/plain) in CBT.V508.FILE012.PDS, moved to PDS/JHAYM12
2025-03-28 17:33:51.617228 - Found JHAYM14.txt (text/plain) in CBT.V508.FILE012.PDS, moved to PDS/JHAYM14
2025-03-28 17:33:51.617789 - Found JHAYP110.txt (text/plain) in CBT.V508.FILE012.PDS, moved to PDS/JHAYP110
2025-03-28 17:33:51.618981 - Found JHAYP111.txt (text/plain) in CBT.V508.FILE012.PDS, moved to PDS/JHAYP111
2025-03-28 17:33:51.620315 - Found JHAYP112.txt (text/plain) in CBT.V508.FILE012.PDS, moved to PDS/JHAYP112
2025-03-28 17:33:51.621638 - Found JHAYP113.txt (text/plain) in CBT.V508.FILE012.PDS, moved to PDS/JHAYP113
2025-03-28 17:33:51.622861 - Found JHAYP12.txt (text/plain) in CBT.V508.FILE012.PDS, moved to PDS/JHAYP12
2025-03-28 17:33:51.623493 - Found JHAYP12B.txt (text/plain) in CBT.V508.FILE012.PDS, moved to PDS/JHAYP12B
2025-03-28 17:33:51.624255 - Found JHAYP14@.txt (text/plain) in CBT.V508.FILE012.PDS, moved to PDS/JHAYP14@
2025-03-28 17:33:51.624765 - Found JHAYP141.txt (text/plain) in CBT.V508.FILE012.PDS, moved to PDS/JHAYP141
2025-03-28 17:33:51.625856 - Found JHAYP142.txt (text/plain) in CBT.V508.FILE012.PDS, moved to PDS/JHAYP142
2025-03-28 17:33:51.627097 - Found JHTEM01.txt (text/plain) in CBT.V508.FILE012.PDS, moved to PDS/JHTEM01
2025-03-28 17:33:51.628239 - Found JHTEPE01.txt (text/plain) in CBT.V508.FILE012.PDS, moved to PDS/JHTEPE01
2025-03-28 17:33:51.629391 - Found JHTEPE31.txt (text/plain) in CBT.V508.FILE012.PDS, moved to PDS/JHTEPE31
2025-03-28 17:33:51.630671 - Found JHTEPE32.txt (text/plain) in CBT.V508.FILE012.PDS, moved to PDS/JHTEPE32
2025-03-28 17:33:51.631370 - Found JHTEPE41.txt (text/plain) in CBT.V508.FILE012.PDS, moved to PDS/JHTEPE41
2025-03-28 17:33:51.632315 - Found JHTEPE42.txt (text/plain) in CBT.V508.FILE012.PDS, moved to PDS/JHTEPE42
2025-03-28 17:33:51.632890 - Found JHTEP0M.txt (text/plain) in CBT.V508.FILE012.PDS, moved to PDS/JHTEP0M
2025-03-28 17:33:51.634734 - Found JHTEP0M2.txt (text/plain) in CBT.V508.FILE012.PDS, moved to PDS/JHTEP0M2
2025-03-28 17:33:51.636149 - Found JHTES0M.txt (text/plain) in CBT.V508.FILE012.PDS, moved to PDS/JHTES0M
2025-03-28 17:33:51.637383 - Found LEAVE.txt (text/plain) in CBT.V508.FILE012.PDS, moved to PDS/LEAVE
2025-03-28 17:33:51.637998 - Found PANELID.txt (text/plain) in CBT.V508.FILE012.PDS, moved to PDS/PANELID
2025-03-28 17:33:51.638729 - Found REQUS.txt (text/plain) in CBT.V508.FILE012.PDS, moved to PDS/REQUS
2025-03-28 17:33:51.639753 - Found SCANLINE.txt (text/plain) in CBT.V508.FILE012.PDS, moved to PDS/SCANLINE
2025-03-28 17:33:51.641248 - Found TSCMDTB.txt (text/plain) in CBT.V508.FILE012.PDS, moved to PDS/TSCMDTB
2025-03-28 17:33:51.642723 - Found XALTK.txt (text/plain) in CBT.V508.FILE012.PDS, moved to PDS/XALTK
2025-03-28 17:33:51.643866 - Found ZALTKA.txt (text/plain) in CBT.V508.FILE012.PDS, moved to PDS/ZALTKA
2025-03-28 17:33:51.645349 - Found ZALTKB.txt (text/plain) in CBT.V508.FILE012.PDS, moved to PDS/ZALTKB
2025-03-28 17:33:51.645931 - Found ZALTKC.txt (text/plain) in CBT.V508.FILE012.PDS, moved to PDS/ZALTKC
2025-03-28 17:33:51.646460 - Found ZCMDTBL.txt (text/plain) in CBT.V508.FILE012.PDS, moved to PDS/ZCMDTBL
